@christopherbritton ‚ûú /workspaces/evtol_simulation (main) $ ./run_all.sh 

üîÑ Rebuilding everything...
-- The C compiler identification is GNU 9.4.0
-- The CXX compiler identification is GNU 9.4.0
-- Check for working C compiler: /usr/bin/cc
-- Check for working C compiler: /usr/bin/cc -- works
-- Detecting C compiler ABI info
-- Detecting C compiler ABI info - done
-- Detecting C compile features
-- Detecting C compile features - done
-- Check for working CXX compiler: /usr/bin/c++
-- Check for working CXX compiler: /usr/bin/c++ -- works
-- Detecting CXX compiler ABI info
-- Detecting CXX compiler ABI info - done
-- Detecting CXX compile features
-- Detecting CXX compile features - done
-- Configuring done
-- Generating done
-- Build files have been written to: /workspaces/evtol_simulation/build
Scanning dependencies of target test_statistics_tracker
[  2%] Building CXX object CMakeFiles/test_statistics_tracker.dir/tests/test_statistics_tracker.cpp.o
[  4%] Building CXX object CMakeFiles/test_statistics_tracker.dir/src/ChargerManager.cpp.o
[  7%] Building CXX object CMakeFiles/test_statistics_tracker.dir/src/EVTOL.cpp.o
[  9%] Building CXX object CMakeFiles/test_statistics_tracker.dir/src/FaultManager.cpp.o
[ 11%] Building CXX object CMakeFiles/test_statistics_tracker.dir/src/FleetManager.cpp.o
[ 14%] Building CXX object CMakeFiles/test_statistics_tracker.dir/src/StatisticsTracker.cpp.o
[ 16%] Linking CXX executable test_statistics_tracker
[ 16%] Built target test_statistics_tracker
Scanning dependencies of target test_evtol
[ 19%] Building CXX object CMakeFiles/test_evtol.dir/tests/test_evtol.cpp.o
[ 21%] Building CXX object CMakeFiles/test_evtol.dir/src/ChargerManager.cpp.o
[ 23%] Building CXX object CMakeFiles/test_evtol.dir/src/EVTOL.cpp.o
[ 26%] Building CXX object CMakeFiles/test_evtol.dir/src/FaultManager.cpp.o
[ 28%] Building CXX object CMakeFiles/test_evtol.dir/src/FleetManager.cpp.o
[ 30%] Building CXX object CMakeFiles/test_evtol.dir/src/StatisticsTracker.cpp.o
[ 33%] Linking CXX executable test_evtol
[ 33%] Built target test_evtol
Scanning dependencies of target test_charger_manager
[ 35%] Building CXX object CMakeFiles/test_charger_manager.dir/tests/test_charger_manager.cpp.o
[ 38%] Building CXX object CMakeFiles/test_charger_manager.dir/src/ChargerManager.cpp.o
[ 40%] Building CXX object CMakeFiles/test_charger_manager.dir/src/EVTOL.cpp.o
[ 42%] Building CXX object CMakeFiles/test_charger_manager.dir/src/FaultManager.cpp.o
[ 45%] Building CXX object CMakeFiles/test_charger_manager.dir/src/FleetManager.cpp.o
[ 47%] Building CXX object CMakeFiles/test_charger_manager.dir/src/StatisticsTracker.cpp.o
[ 50%] Linking CXX executable test_charger_manager
[ 50%] Built target test_charger_manager
Scanning dependencies of target test_fault_manager
[ 52%] Building CXX object CMakeFiles/test_fault_manager.dir/tests/test_fault_manager.cpp.o
[ 54%] Building CXX object CMakeFiles/test_fault_manager.dir/src/ChargerManager.cpp.o
[ 57%] Building CXX object CMakeFiles/test_fault_manager.dir/src/EVTOL.cpp.o
[ 59%] Building CXX object CMakeFiles/test_fault_manager.dir/src/FaultManager.cpp.o
[ 61%] Building CXX object CMakeFiles/test_fault_manager.dir/src/FleetManager.cpp.o
[ 64%] Building CXX object CMakeFiles/test_fault_manager.dir/src/StatisticsTracker.cpp.o
[ 66%] Linking CXX executable test_fault_manager
[ 66%] Built target test_fault_manager
Scanning dependencies of target test_fleet_manager
[ 69%] Building CXX object CMakeFiles/test_fleet_manager.dir/tests/test_fleet_manager.cpp.o
[ 71%] Building CXX object CMakeFiles/test_fleet_manager.dir/src/ChargerManager.cpp.o
[ 73%] Building CXX object CMakeFiles/test_fleet_manager.dir/src/EVTOL.cpp.o
[ 76%] Building CXX object CMakeFiles/test_fleet_manager.dir/src/FaultManager.cpp.o
[ 78%] Building CXX object CMakeFiles/test_fleet_manager.dir/src/FleetManager.cpp.o
[ 80%] Building CXX object CMakeFiles/test_fleet_manager.dir/src/StatisticsTracker.cpp.o
[ 83%] Linking CXX executable test_fleet_manager
[ 83%] Built target test_fleet_manager
Scanning dependencies of target run_all_tests
Test project /workspaces/evtol_simulation/build
    Start 1: test_evtol
1/5 Test #1: test_evtol .......................***Failed    0.00 sec
‚úÖ testSimulateStep executed
‚ùå testAccessors failed
FAILED: testAccessors
‚úÖ testCoinFlip passed

‚ùå 1 EVTOL test(s) failed

    Start 2: test_charger_manager
2/5 Test #2: test_charger_manager .............***Failed    0.00 sec
‚úÖ testAssignCharger passed
‚ùå testUpdate failed: EVTOL is not charging when expected
FAILED: testUpdate
‚ùå 1 ChargerManager test(s) failed

    Start 3: test_fault_manager
3/5 Test #3: test_fault_manager ...............   Passed    0.00 sec
    Start 4: test_fleet_manager
4/5 Test #4: test_fleet_manager ...............   Passed    0.00 sec
    Start 5: test_statistics_tracker
5/5 Test #5: test_statistics_tracker ..........***Failed    0.00 sec
‚úÖ testRecordFlight passed
‚úÖ testRecordCharge passed (verified via report)
‚úÖ testRecordFault passed (verified via report)
‚úÖ testSetSuppressOutput passed (no output expected)
‚ùå testAccessors: getDistance failed
‚ùå 1 test(s) failed


40% tests passed, 3 tests failed out of 5

Total Test time (real) =   0.01 sec

The following tests FAILED:
          1 - test_evtol (Failed)
          2 - test_charger_manager (Failed)
          5 - test_statistics_tracker (Failed)
Errors while running CTest
make[2]: *** [CMakeFiles/run_all_tests.dir/build.make:61: CMakeFiles/run_all_tests] Error 8
make[1]: *** [CMakeFiles/Makefile2:92: CMakeFiles/run_all_tests.dir/all] Error 2
make: *** [Makefile:95: all] Error 2