@christopherbritton ➜ /workspaces/evtol_simulation (main) $ ./run_all_tests.sh 
Building all unit test targets...
-- Configuring done
-- Generating done
-- Build files have been written to: /workspaces/evtol_simulation/build
[ 16%] Built target test_evtol
[ 33%] Built target test_statistics_tracker
[ 50%] Built target test_fault_manager
[ 66%] Built target test_charger_manager
[ 83%] Built target test_fleet_manager
Test project /workspaces/evtol_simulation/build
    Start 1: test_evtol
1/5 Test #1: test_evtol .......................***Failed    0.00 sec
✅ testSimulateStep executed
❌ testAccessors failed
FAILED: testAccessors
✅ testCoinFlip passed

❌ 1 EVTOL test(s) failed

    Start 2: test_charger_manager
2/5 Test #2: test_charger_manager .............***Failed    0.00 sec
✅ testAssignCharger passed
❌ testUpdate failed: EVTOL is not charging when expected
FAILED: testUpdate
❌ 1 ChargerManager test(s) failed

    Start 3: test_fault_manager
3/5 Test #3: test_fault_manager ...............   Passed    0.00 sec
    Start 4: test_fleet_manager
4/5 Test #4: test_fleet_manager ...............   Passed    0.00 sec
    Start 5: test_statistics_tracker
5/5 Test #5: test_statistics_tracker ..........***Failed    0.00 sec
✅ testRecordFlight passed
✅ testRecordCharge passed (verified via report)
✅ testRecordFault passed (verified via report)
✅ testSetSuppressOutput passed (no output expected)
❌ testAccessors: getDistance failed
❌ 1 test(s) failed


40% tests passed, 3 tests failed out of 5

Total Test time (real) =   0.01 sec

The following tests FAILED:
          1 - test_evtol (Failed)
          2 - test_charger_manager (Failed)
          5 - test_statistics_tracker (Failed)